{"D:\\claude_code\\todo\\backend\\src\\config\\database.js": {"path":"D:\\claude_code\\todo\\backend\\src\\config\\database.js","statementMap":{"0":{"start":{"line":24,"column":2},"end":{"line":45,"column":3}},"1":{"start":{"line":26,"column":4},"end":{"line":29,"column":5}},"2":{"start":{"line":27,"column":6},"end":{"line":27,"column":47}},"3":{"start":{"line":28,"column":6},"end":{"line":28,"column":22}},"4":{"start":{"line":32,"column":4},"end":{"line":38,"column":7}},"5":{"start":{"line":40,"column":4},"end":{"line":40,"column":50}},"6":{"start":{"line":41,"column":4},"end":{"line":41,"column":20}},"7":{"start":{"line":43,"column":4},"end":{"line":43,"column":62}},"8":{"start":{"line":44,"column":4},"end":{"line":44,"column":16}},"9":{"start":{"line":54,"column":2},"end":{"line":62,"column":3}},"10":{"start":{"line":55,"column":4},"end":{"line":58,"column":5}},"11":{"start":{"line":56,"column":6},"end":{"line":56,"column":34}},"12":{"start":{"line":57,"column":6},"end":{"line":57,"column":55}},"13":{"start":{"line":60,"column":4},"end":{"line":60,"column":65}},"14":{"start":{"line":61,"column":4},"end":{"line":61,"column":16}},"15":{"start":{"line":66,"column":0},"end":{"line":68,"column":3}},"16":{"start":{"line":67,"column":2},"end":{"line":67,"column":47}},"17":{"start":{"line":70,"column":0},"end":{"line":72,"column":3}},"18":{"start":{"line":71,"column":2},"end":{"line":71,"column":51}},"19":{"start":{"line":74,"column":0},"end":{"line":76,"column":3}},"20":{"start":{"line":75,"column":2},"end":{"line":75,"column":52}},"21":{"start":{"line":79,"column":0},"end":{"line":82,"column":3}},"22":{"start":{"line":80,"column":2},"end":{"line":80,"column":23}},"23":{"start":{"line":81,"column":2},"end":{"line":81,"column":18}}},"fnMap":{"0":{"name":"connectDB","decl":{"start":{"line":23,"column":22},"end":{"line":23,"column":31}},"loc":{"start":{"line":23,"column":63},"end":{"line":46,"column":1}},"line":23},"1":{"name":"disconnectDB","decl":{"start":{"line":53,"column":22},"end":{"line":53,"column":34}},"loc":{"start":{"line":53,"column":37},"end":{"line":63,"column":1}},"line":53},"2":{"name":"(anonymous_2)","decl":{"start":{"line":66,"column":36},"end":{"line":66,"column":37}},"loc":{"start":{"line":66,"column":42},"end":{"line":68,"column":1}},"line":66},"3":{"name":"(anonymous_3)","decl":{"start":{"line":70,"column":32},"end":{"line":70,"column":33}},"loc":{"start":{"line":70,"column":41},"end":{"line":72,"column":1}},"line":70},"4":{"name":"(anonymous_4)","decl":{"start":{"line":74,"column":39},"end":{"line":74,"column":40}},"loc":{"start":{"line":74,"column":45},"end":{"line":76,"column":1}},"line":74},"5":{"name":"(anonymous_5)","decl":{"start":{"line":79,"column":21},"end":{"line":79,"column":22}},"loc":{"start":{"line":79,"column":33},"end":{"line":82,"column":1}},"line":79}},"branchMap":{"0":{"loc":{"start":{"line":23,"column":32},"end":{"line":23,"column":61}},"type":"default-arg","locations":[{"start":{"line":23,"column":38},"end":{"line":23,"column":61}}],"line":23},"1":{"loc":{"start":{"line":26,"column":4},"end":{"line":29,"column":5}},"type":"if","locations":[{"start":{"line":26,"column":4},"end":{"line":29,"column":5}},{"start":{},"end":{}}],"line":26},"2":{"loc":{"start":{"line":55,"column":4},"end":{"line":58,"column":5}},"type":"if","locations":[{"start":{"line":55,"column":4},"end":{"line":58,"column":5}},{"start":{},"end":{}}],"line":55}},"s":{"0":6,"1":6,"2":1,"3":1,"4":5,"5":4,"6":4,"7":1,"8":1,"9":8,"10":8,"11":4,"12":4,"13":0,"14":0,"15":2,"16":4,"17":2,"18":1,"19":2,"20":5,"21":2,"22":0,"23":0},"f":{"0":6,"1":8,"2":4,"3":1,"4":5,"5":0},"b":{"0":[0],"1":[1,5],"2":[4,4]},"inputSourceMap":null,"_coverageSchema":"1a1c01bbd47fc00a2c39e90264f33305004495a9","hash":"e0943297e0deadb174ea7bb67c23a07b7b59f29b"}
,"D:\\claude_code\\todo\\backend\\src\\models\\todo.model.js": {"path":"D:\\claude_code\\todo\\backend\\src\\models\\todo.model.js","statementMap":{"0":{"start":{"line":19,"column":19},"end":{"line":40,"column":1}},"1":{"start":{"line":43,"column":0},"end":{"line":43,"column":35}},"2":{"start":{"line":44,"column":0},"end":{"line":44,"column":36}},"3":{"start":{"line":47,"column":13},"end":{"line":47,"column":47}}},"fnMap":{},"branchMap":{},"s":{"0":1,"1":1,"2":1,"3":1},"f":{},"b":{},"inputSourceMap":null,"_coverageSchema":"1a1c01bbd47fc00a2c39e90264f33305004495a9","hash":"3d990bf860926b751d37826128aab14a289c73af"}
}
