TN:
SF:src\controllers\todo-controller.js
FN:9,(anonymous_0)
FN:20,(anonymous_1)
FN:28,(anonymous_2)
FN:43,(anonymous_3)
FN:76,(anonymous_4)
FN:113,(anonymous_5)
FN:139,(anonymous_6)
FN:156,(anonymous_7)
FN:188,(anonymous_8)
FN:205,(anonymous_9)
FN:222,(anonymous_10)
FNF:11
FNH:9
FNDA:7,(anonymous_0)
FNDA:6,(anonymous_1)
FNDA:8,(anonymous_2)
FNDA:4,(anonymous_3)
FNDA:3,(anonymous_4)
FNDA:3,(anonymous_5)
FNDA:2,(anonymous_6)
FNDA:0,(anonymous_7)
FNDA:0,(anonymous_8)
FNDA:1,(anonymous_9)
FNDA:1,(anonymous_10)
DA:9,1
DA:10,7
DA:11,2
DA:16,5
DA:20,1
DA:21,6
DA:28,1
DA:29,8
DA:33,8
DA:34,8
DA:36,8
DA:43,1
DA:44,4
DA:45,4
DA:46,4
DA:49,4
DA:50,4
DA:51,1
DA:55,3
DA:58,1
DA:60,1
DA:62,2
DA:63,1
DA:65,1
DA:66,1
DA:68,0
DA:76,1
DA:77,3
DA:78,3
DA:81,3
DA:82,1
DA:86,2
DA:87,1
DA:88,1
DA:89,0
DA:93,2
DA:102,2
DA:103,2
DA:105,0
DA:113,1
DA:114,3
DA:115,3
DA:118,3
DA:120,2
DA:121,2
DA:122,1
DA:124,1
DA:126,1
DA:129,2
DA:131,0
DA:139,1
DA:140,2
DA:141,2
DA:142,2
DA:143,1
DA:145,1
DA:146,1
DA:148,0
DA:156,1
DA:157,0
DA:158,0
DA:159,0
DA:162,0
DA:163,0
DA:166,0
DA:174,0
DA:175,0
DA:177,0
DA:178,0
DA:180,0
DA:188,1
DA:189,0
DA:190,0
DA:191,0
DA:192,0
DA:194,0
DA:195,0
DA:197,0
DA:205,1
DA:206,1
DA:207,1
DA:208,1
DA:209,1
DA:211,0
DA:212,0
DA:214,0
DA:222,1
DA:223,1
DA:224,1
DA:225,1
DA:227,0
LF:91
LH:64
BRDA:10,0,0,2
BRDA:10,0,1,5
BRDA:10,1,0,7
BRDA:10,1,1,7
BRDA:28,2,0,0
BRDA:33,3,0,8
BRDA:33,3,1,0
BRDA:50,4,0,1
BRDA:50,4,1,3
BRDA:62,5,0,1
BRDA:62,5,1,1
BRDA:65,6,0,1
BRDA:65,6,1,0
BRDA:81,7,0,1
BRDA:81,7,1,2
BRDA:81,8,0,3
BRDA:81,8,1,2
BRDA:86,9,0,1
BRDA:86,9,1,1
BRDA:88,10,0,0
BRDA:88,10,1,1
BRDA:95,11,0,2
BRDA:95,11,1,0
BRDA:99,12,0,2
BRDA:99,12,1,2
BRDA:118,13,0,2
BRDA:118,13,1,1
BRDA:121,14,0,1
BRDA:121,14,1,1
BRDA:145,15,0,1
BRDA:145,15,1,0
BRDA:162,16,0,0
BRDA:162,16,1,0
BRDA:162,17,0,0
BRDA:162,17,1,0
BRDA:162,17,2,0
BRDA:167,18,0,0
BRDA:167,18,1,0
BRDA:168,19,0,0
BRDA:168,19,1,0
BRDA:168,20,0,0
BRDA:168,20,1,0
BRDA:177,21,0,0
BRDA:177,21,1,0
BRDA:194,22,0,0
BRDA:194,22,1,0
BRDA:211,23,0,0
BRDA:211,23,1,0
BRF:48
BRH:25
end_of_record
TN:
SF:src\models\todo-model.js
FN:89,(anonymous_0)
FN:94,(anonymous_1)
FN:99,(anonymous_2)
FN:112,(anonymous_3)
FN:133,(anonymous_4)
FN:146,(anonymous_5)
FN:151,(anonymous_6)
FNF:7
FNH:1
FNDA:0,(anonymous_0)
FNDA:0,(anonymous_1)
FNDA:1,(anonymous_2)
FNDA:0,(anonymous_3)
FNDA:0,(anonymous_4)
FNDA:0,(anonymous_5)
FNDA:0,(anonymous_6)
DA:4,4
DA:13,4
DA:35,4
DA:89,4
DA:90,0
DA:94,4
DA:95,0
DA:99,4
DA:100,1
DA:102,1
DA:108,1
DA:112,4
DA:114,0
DA:122,0
DA:125,0
DA:126,0
DA:129,0
DA:133,4
DA:134,0
DA:142,0
DA:146,4
DA:147,0
DA:151,4
DA:152,0
DA:156,4
DA:157,4
DA:158,4
DA:159,4
DA:161,4
LF:29
LH:18
BRDA:100,0,0,1
BRDA:100,0,1,0
BRDA:112,1,0,0
BRDA:125,2,0,0
BRDA:125,2,1,0
BRDA:125,3,0,0
BRDA:125,3,1,0
BRDA:142,4,0,0
BRDA:142,4,1,0
BRF:9
BRH:1
end_of_record
TN:
SF:src\routes\todo-routes.js
FNF:0
FNH:0
DA:13,1
DA:21,1
DA:24,1
DA:27,1
DA:30,1
DA:33,1
DA:36,1
DA:39,1
DA:42,1
LF:9
LH:9
BRF:0
BRH:0
end_of_record
TN:
SF:src\services\todo-service.js
FN:13,(anonymous_0)
FN:27,(anonymous_1)
FN:64,(anonymous_2)
FN:89,(anonymous_3)
FN:105,(anonymous_4)
FN:119,(anonymous_5)
FN:137,(anonymous_6)
FN:163,(anonymous_7)
FN:180,(anonymous_8)
FN:201,(anonymous_9)
FN:213,(anonymous_10)
FN:217,(anonymous_11)
FN:223,(anonymous_12)
FNF:13
FNH:4
FNDA:8,(anonymous_0)
FNDA:5,(anonymous_1)
FNDA:2,(anonymous_2)
FNDA:2,(anonymous_3)
FNDA:0,(anonymous_4)
FNDA:0,(anonymous_5)
FNDA:0,(anonymous_6)
FNDA:0,(anonymous_7)
FNDA:0,(anonymous_8)
FNDA:0,(anonymous_9)
FNDA:0,(anonymous_10)
FNDA:0,(anonymous_11)
FNDA:0,(anonymous_12)
DA:14,8
DA:15,0
DA:28,5
DA:30,5
DA:33,5
DA:34,5
DA:35,1
DA:39,4
DA:40,4
DA:41,1
DA:45,3
DA:47,3
DA:49,2
DA:65,2
DA:67,2
DA:73,2
DA:74,1
DA:77,2
DA:78,2
DA:80,0
DA:90,2
DA:92,2
DA:94,2
DA:95,2
DA:97,0
DA:106,0
DA:107,0
DA:108,0
DA:110,0
DA:120,0
DA:121,0
DA:122,0
DA:123,0
DA:125,0
DA:127,0
DA:138,0
DA:140,0
DA:142,0
DA:148,0
DA:149,0
DA:152,0
DA:154,0
DA:164,0
DA:165,0
DA:166,0
DA:167,0
DA:169,0
DA:171,0
DA:181,0
DA:182,0
DA:183,0
DA:184,0
DA:187,0
DA:193,0
DA:202,0
DA:203,0
DA:212,0
DA:213,0
DA:214,0
DA:217,0
DA:218,0
DA:221,0
DA:223,0
DA:226,0
LF:64
LH:22
BRDA:14,0,0,0
BRDA:14,0,1,8
BRDA:27,1,0,4
BRDA:27,2,0,4
BRDA:34,3,0,1
BRDA:34,3,1,4
BRDA:40,4,0,1
BRDA:40,4,1,3
BRDA:69,5,0,2
BRDA:69,5,1,1
BRDA:73,6,0,1
BRDA:73,6,1,1
BRDA:122,7,0,0
BRDA:122,7,1,0
BRDA:148,8,0,0
BRDA:148,8,1,0
BRDA:166,9,0,0
BRDA:166,9,1,0
BRDA:183,10,0,0
BRDA:183,10,1,0
BRF:20
BRH:11
end_of_record
