TN:
SF:src\config\database.js
FN:23,connectDB
FN:53,disconnectDB
FN:66,(anonymous_2)
FN:70,(anonymous_3)
FN:74,(anonymous_4)
FN:79,(anonymous_5)
FNF:6
FNH:5
FNDA:6,connectDB
FNDA:8,disconnectDB
FNDA:4,(anonymous_2)
FNDA:1,(anonymous_3)
FNDA:5,(anonymous_4)
FNDA:0,(anonymous_5)
DA:24,6
DA:26,6
DA:27,1
DA:28,1
DA:32,5
DA:40,4
DA:41,4
DA:43,1
DA:44,1
DA:54,8
DA:55,8
DA:56,4
DA:57,4
DA:60,0
DA:61,0
DA:66,2
DA:67,4
DA:70,2
DA:71,1
DA:74,2
DA:75,5
DA:79,2
DA:80,0
DA:81,0
LF:24
LH:20
BRDA:23,0,0,0
BRDA:26,1,0,1
BRDA:26,1,1,5
BRDA:55,2,0,4
BRDA:55,2,1,4
BRF:5
BRH:4
end_of_record
TN:
SF:src\models\todo.model.js
FNF:0
FNH:0
DA:19,1
DA:43,1
DA:44,1
DA:47,1
LF:4
LH:4
BRF:0
BRH:0
end_of_record
